<?xml version="1.0" encoding="UTF-8"?>
<!-- Generated by org.testng.reporters.JUnitXMLReporter -->
<testsuite hostname="BGLBG1TESTPRN1" name="Regression 1" tests="1" failures="1" timestamp="5 Feb 2016 06:43:00 GMT" time="19.66" errors="0">
  <testcase name="reportAbug" time="0.358" classname="scripts.DriverScript">
    <failure type="java.lang.AssertionError" message="failure&amp;apos; DOES NOT match with actual value &amp;apos;">
      <![CDATA[java.lang.AssertionError: failure' DOES NOT match with actual value '
	at com.testng.SonnetTestNGAssertions.throwException(SonnetTestNGAssertions.java:259)
	at com.testng.SonnetTestNGAssertions.isTrue(SonnetTestNGAssertions.java:219)
	at scripts.DriverScript.reportAbug(DriverScript.java:33)
... Removed 23 stack frames]]>
    </failure>
  </testcase> <!-- reportAbug -->
</testsuite> <!-- Regression 1 -->
